Xtext Language Server is starting.
Xtext Language Server has been started.
[Trace - 10:15:44 AM] Received request 'initialize - (0)'
Params: {
  "processId": 23332,
  "rootPath": "d:\\Repos\\GitHub\\DataHandwerk\\DataHandwerk-docs",
  "rootUri": "file:///d%3A/Repos/GitHub/DataHandwerk/DataHandwerk-docs",
  "capabilities": {
    "workspace": {
      "applyEdit": true,
      "workspaceEdit": {
        "documentChanges": true,
        "resourceOperations": [
          "create",
          "rename",
          "delete"
        ],
        "failureHandling": "textOnlyTransactional"
      },
      "didChangeConfiguration": {
        "dynamicRegistration": true
      },
      "didChangeWatchedFiles": {
        "dynamicRegistration": true
      },
      "symbol": {
        "symbolKind": {
          "valueSet": [
            1,
            2,
            3,
            4,
            5,
            6,
            7,
            8,
            9,
            10,
            11,
            12,
            13,
            14,
            15,
            16,
            17,
            18,
            19,
            20,
            21,
            22,
            23,
            24,
            25,
            26
          ]
        },
        "dynamicRegistration": true
      },
      "executeCommand": {
        "dynamicRegistration": true
      },
      "workspaceFolders": true,
      "configuration": true
    },
    "textDocument": {
      "synchronization": {
        "willSave": true,
        "willSaveWaitUntil": true,
        "didSave": true,
        "dynamicRegistration": true
      },
      "completion": {
        "completionItem": {
          "snippetSupport": true,
          "commitCharactersSupport": true,
          "documentationFormat": [
            "markdown",
            "plaintext"
          ],
          "deprecatedSupport": true,
          "preselectSupport": true
        },
        "completionItemKind": {
          "valueSet": [
            1,
            2,
            3,
            4,
            5,
            6,
            7,
            8,
            9,
            10,
            11,
            12,
            13,
            14,
            15,
            16,
            17,
            18,
            19,
            20,
            21,
            22,
            23,
            24,
            25
          ]
        },
        "contextSupport": true,
        "dynamicRegistration": true
      },
      "hover": {
        "contentFormat": [
          "markdown",
          "plaintext"
        ],
        "dynamicRegistration": true
      },
      "signatureHelp": {
        "signatureInformation": {
          "documentationFormat": [
            "markdown",
            "plaintext"
          ],
          "parameterInformation": {
            "labelOffsetSupport": true
          }
        },
        "dynamicRegistration": true
      },
      "references": {
        "dynamicRegistration": true
      },
      "documentHighlight": {
        "dynamicRegistration": true
      },
      "documentSymbol": {
        "symbolKind": {
          "valueSet": [
            1,
            2,
            3,
            4,
            5,
            6,
            7,
            8,
            9,
            10,
            11,
            12,
            13,
            14,
            15,
            16,
            17,
            18,
            19,
            20,
            21,
            22,
            23,
            24,
            25,
            26
          ]
        },
        "hierarchicalDocumentSymbolSupport": true,
        "dynamicRegistration": true
      },
      "formatting": {
        "dynamicRegistration": true
      },
      "rangeFormatting": {
        "dynamicRegistration": true
      },
      "onTypeFormatting": {
        "dynamicRegistration": true
      },
      "declaration": {
        "linkSupport": true,
        "dynamicRegistration": true
      },
      "definition": {
        "linkSupport": true,
        "dynamicRegistration": true
      },
      "typeDefinition": {
        "linkSupport": true,
        "dynamicRegistration": true
      },
      "implementation": {
        "linkSupport": true,
        "dynamicRegistration": true
      },
      "codeAction": {
        "codeActionLiteralSupport": {
          "codeActionKind": {
            "valueSet": [
              "",
              "quickfix",
              "refactor",
              "refactor.extract",
              "refactor.inline",
              "refactor.rewrite",
              "source",
              "source.organizeImports"
            ]
          }
        },
        "dynamicRegistration": true
      },
      "codeLens": {
        "dynamicRegistration": true
      },
      "documentLink": {
        "dynamicRegistration": true
      },
      "colorProvider": {
        "dynamicRegistration": true
      },
      "rename": {
        "prepareSupport": true,
        "dynamicRegistration": true
      },
      "publishDiagnostics": {
        "relatedInformation": true
      },
      "foldingRange": {
        "rangeLimit": 5000,
        "lineFoldingOnly": true,
        "dynamicRegistration": true
      }
    }
  },
  "trace": "off",
  "workspaceFolders": [
    {
      "uri": "file:///d%3A/Repos/GitHub/DataHandwerk/DataHandwerk-docs",
      "name": "DataHandwerk-docs"
    }
  ]
}


[Trace - 10:15:46 AM] Sending response 'initialize - (0)'. Processing request took 2085ms
Result: {
  "capabilities": {
    "textDocumentSync": 2,
    "hoverProvider": true,
    "completionProvider": {
      "resolveProvider": false,
      "triggerCharacters": [
        "."
      ]
    },
    "signatureHelpProvider": {
      "triggerCharacters": [
        "(",
        ","
      ]
    },
    "definitionProvider": true,
    "referencesProvider": true,
    "documentHighlightProvider": true,
    "documentSymbolProvider": true,
    "workspaceSymbolProvider": true,
    "codeActionProvider": true,
    "codeLensProvider": {
      "resolveProvider": false
    },
    "documentFormattingProvider": true,
    "documentRangeFormattingProvider": true,
    "renameProvider": {
      "prepareProvider": true
    },
    "executeCommandProvider": {
      "commands": []
    },
    "workspace": {
      "workspaceFolders": {
        "supported": true,
        "changeNotifications": true
      }
    },
    "semanticHighlighting": {
      "scopes": []
    }
  }
}


[Trace - 10:15:46 AM] Received notification 'initialized'
Params: {}


[Trace - 10:15:46 AM] Sending notification 'textDocument/publishDiagnostics'
Params: {
  "uri": "file:///d:/Repos/GitHub/DataHandwerk/DataHandwerk-docs/docs/modules/arc/partials/c4_dsl/test01.dsl",
  "diagnostics": [
    {
      "range": {
        "start": {
          "line": 31,
          "character": 8
        },
        "end": {
          "line": 31,
          "character": 15
        }
      },
      "severity": 1,
      "code": "org.eclipse.xtext.diagnostics.Diagnostic.Linking",
      "message": "Couldn\u0027t resolve reference to AnyModelElement \u0027route53\u0027."
    },
    {
      "range": {
        "start": {
          "line": 31,
          "character": 19
        },
        "end": {
          "line": 31,
          "character": 26
        }
      },
      "severity": 1,
      "code": "org.eclipse.xtext.diagnostics.Diagnostic.Linking",
      "message": "Couldn\u0027t resolve reference to AnyModelElement \u0027wa_live\u0027."
    }
  ]
}


[Trace - 10:15:46 AM] Sending notification 'textDocument/publishDiagnostics'
Params: {
  "uri": "file:///d:/Repos/GitHub/DataHandwerk/DataHandwerk-docs/docs/modules/arc/partials/c4_dsl/dhw.dsl",
  "diagnostics": []
}


[Trace - 10:15:46 AM] Sending notification 'textDocument/publishDiagnostics'
Params: {
  "uri": "file:///d:/Repos/GitHub/DataHandwerk/DataHandwerk-docs/docs/modules/arc/partials/c4_dsl/demo_groups.dsl",
  "diagnostics": [
    {
      "range": {
        "start": {
          "line": 12,
          "character": 23
        },
        "end": {
          "line": 12,
          "character": 24
        }
      },
      "severity": 1,
      "code": "org.eclipse.xtext.diagnostics.Diagnostic.Syntax",
      "message": "mismatched input \u0027\u003d\u0027 expecting RULE_STRING"
    },
    {
      "range": {
        "start": {
          "line": 34,
          "character": 22
        },
        "end": {
          "line": 34,
          "character": 36
        }
      },
      "severity": 1,
      "code": "org.eclipse.xtext.diagnostics.Diagnostic.Syntax",
      "message": "mismatched input \u0027softwareSystem\u0027 expecting RULE_ID"
    },
    {
      "range": {
        "start": {
          "line": 39,
          "character": 8
        },
        "end": {
          "line": 39,
          "character": 17
        }
      },
      "severity": 1,
      "code": "org.eclipse.xtext.diagnostics.Diagnostic.Syntax",
      "message": "mismatched input \u0027container\u0027 expecting \u0027}\u0027"
    }
  ]
}


[Trace - 10:15:46 AM] Sending notification 'textDocument/publishDiagnostics'
Params: {
  "uri": "file:///d:/Repos/GitHub/DataHandwerk/DataHandwerk-docs/docs/modules/arc/partials/c4_dsl/demo_aws.dsl",
  "diagnostics": [
    {
      "range": {
        "start": {
          "line": 44,
          "character": 27
        },
        "end": {
          "line": 44,
          "character": 36
        }
      },
      "severity": 1,
      "code": "org.eclipse.xtext.diagnostics.Diagnostic.Syntax",
      "message": "mismatched input \u0027\"#ffffff\"\u0027 expecting RULE_HEX_DECIMAL"
    },
    {
      "range": {
        "start": {
          "line": 46,
          "character": 12
        },
        "end": {
          "line": 46,
          "character": 19
        }
      },
      "severity": 1,
      "code": "org.eclipse.xtext.diagnostics.Diagnostic.Syntax",
      "message": "mismatched input \u0027element\u0027 expecting \u0027}\u0027"
    },
    {
      "range": {
        "start": {
          "line": 49,
          "character": 12
        },
        "end": {
          "line": 49,
          "character": 19
        }
      },
      "severity": 1,
      "code": "org.eclipse.xtext.diagnostics.Diagnostic.Syntax",
      "message": "missing EOF at \u0027element\u0027"
    },
    {
      "range": {
        "start": {
          "line": 2,
          "character": 168
        },
        "end": {
          "line": 2,
          "character": 193
        }
      },
      "severity": 3,
      "code": "No styled element for given tag",
      "message": "No Style with tag \u003cSpring Boot Application\u003e defined yet"
    },
    {
      "range": {
        "start": {
          "line": 4,
          "character": 152
        },
        "end": {
          "line": 4,
          "character": 162
        }
      },
      "severity": 3,
      "code": "No styled element for given tag",
      "message": "No Style with tag \u003cDatabase\u003e defined yet"
    },
    {
      "range": {
        "start": {
          "line": 10,
          "character": 55
        },
        "end": {
          "line": 10,
          "character": 84
        }
      },
      "severity": 3,
      "code": "No styled element for given tag",
      "message": "No Style with tag \u003cAmazon Web Services - Cloud\u003e defined yet"
    },
    {
      "range": {
        "start": {
          "line": 11,
          "character": 49
        },
        "end": {
          "line": 11,
          "character": 79
        }
      },
      "severity": 3,
      "code": "No styled element for given tag",
      "message": "No Style with tag \u003cAmazon Web Services - Region\u003e defined yet"
    },
    {
      "range": {
        "start": {
          "line": 15,
          "character": 61
        },
        "end": {
          "line": 15,
          "character": 97
        }
      },
      "severity": 3,
      "code": "No styled element for given tag",
      "message": "No Style with tag \u003cAmazon Web Services - Auto Scaling\u003e defined yet"
    },
    {
      "range": {
        "start": {
          "line": 16,
          "character": 58
        },
        "end": {
          "line": 16,
          "character": 85
        }
      },
      "severity": 3,
      "code": "No styled element for given tag",
      "message": "No Style with tag \u003cAmazon Web Services - EC2\u003e defined yet"
    },
    {
      "range": {
        "start": {
          "line": 21,
          "character": 54
        },
        "end": {
          "line": 21,
          "character": 81
        }
      },
      "severity": 3,
      "code": "No styled element for given tag",
      "message": "No Style with tag \u003cAmazon Web Services - RDS\u003e defined yet"
    },
    {
      "range": {
        "start": {
          "line": 22,
          "character": 53
        },
        "end": {
          "line": 22,
          "character": 95
        }
      },
      "severity": 3,
      "code": "No styled element for given tag",
      "message": "No Style with tag \u003cAmazon Web Services - RDS_MySQL_instance\u003e defined yet"
    },
    {
      "range": {
        "start": {
          "line": 12,
          "character": 66
        },
        "end": {
          "line": 12,
          "character": 98
        }
      },
      "severity": 3,
      "code": "No styled element for given tag",
      "message": "No Style with tag \u003cAmazon Web Services - Route 53\u003e defined yet"
    },
    {
      "range": {
        "start": {
          "line": 13,
          "character": 75
        },
        "end": {
          "line": 13,
          "character": 121
        }
      },
      "severity": 3,
      "code": "No styled element for given tag",
      "message": "No Style with tag \u003cAmazon Web Services - Elastic Load Balancing\u003e defined yet"
    }
  ]
}


[Trace - 10:15:46 AM] Sending notification 'textDocument/publishDiagnostics'
Params: {
  "uri": "file:///d:/Repos/GitHub/DataHandwerk/DataHandwerk-docs/docs/modules/arc/partials/c4_dsl/big-bank-plc.dsl",
  "diagnostics": [
    {
      "range": {
        "start": {
          "line": 31,
          "character": 8
        },
        "end": {
          "line": 31,
          "character": 12
        }
      },
      "severity": 1,
      "code": "org.eclipse.xtext.diagnostics.Diagnostic.Syntax",
      "message": "no viable alternative at input \u0027customer\u0027"
    },
    {
      "range": {
        "start": {
          "line": 67,
          "character": 16
        },
        "end": {
          "line": 67,
          "character": 30
        }
      },
      "severity": 1,
      "code": "org.eclipse.xtext.diagnostics.Diagnostic.Syntax",
      "message": "missing EOF at \u0027deploymentNode\u0027"
    },
    {
      "range": {
        "start": {
          "line": 6,
          "character": 101
        },
        "end": {
          "line": 6,
          "character": 113
        }
      },
      "severity": 3,
      "code": "No styled element for given tag",
      "message": "No Style with tag \u003cBank Staff\u003e defined yet"
    },
    {
      "range": {
        "start": {
          "line": 9,
          "character": 157
        },
        "end": {
          "line": 9,
          "character": 174
        }
      },
      "severity": 3,
      "code": "No styled element for given tag",
      "message": "No Style with tag \u003cExisting System\u003e defined yet"
    },
    {
      "range": {
        "start": {
          "line": 10,
          "character": 99
        },
        "end": {
          "line": 10,
          "character": 116
        }
      },
      "severity": 3,
      "code": "No styled element for given tag",
      "message": "No Style with tag \u003cExisting System\u003e defined yet"
    },
    {
      "range": {
        "start": {
          "line": 11,
          "character": 76
        },
        "end": {
          "line": 11,
          "character": 93
        }
      },
      "severity": 3,
      "code": "No styled element for given tag",
      "message": "No Style with tag \u003cExisting System\u003e defined yet"
    },
    {
      "range": {
        "start": {
          "line": 14,
          "character": 190
        },
        "end": {
          "line": 14,
          "character": 203
        }
      },
      "severity": 3,
      "code": "No styled element for given tag",
      "message": "No Style with tag \u003cWeb Browser\u003e defined yet"
    },
    {
      "range": {
        "start": {
          "line": 15,
          "character": 165
        },
        "end": {
          "line": 15,
          "character": 177
        }
      },
      "severity": 3,
      "code": "No styled element for given tag",
      "message": "No Style with tag \u003cMobile App\u003e defined yet"
    },
    {
      "range": {
        "start": {
          "line": 25,
          "character": 166
        },
        "end": {
          "line": 25,
          "character": 176
        }
      },
      "severity": 3,
      "code": "No styled element for given tag",
      "message": "No Style with tag \u003cDatabase\u003e defined yet"
    }
  ]
}


[Trace - 00:06:39 PM] Received request 'shutdown - (1)'
Params: null


[Trace - 00:06:39 PM] Sending response 'shutdown - (1)'. Processing request took 300ms
Result: {}


[Trace - 00:06:39 PM] Received notification 'exit'
Params: null


